[debug] [2020-03-31T16:47:33.790Z] ----------------------------------------------------------------------
[debug] [2020-03-31T16:47:33.791Z] Command:       /Users/David/.nvm/versions/node/v13.9.0/bin/node /Users/David/.nvm/versions/node/v13.9.0/bin/firebase serve
[debug] [2020-03-31T16:47:33.792Z] CLI Version:   7.13.1
[debug] [2020-03-31T16:47:33.792Z] Platform:      darwin
[debug] [2020-03-31T16:47:33.792Z] Node Version:  v13.9.0
[debug] [2020-03-31T16:47:33.793Z] Time:          Tue Mar 31 2020 18:47:33 GMT+0200 (Central European Summer Time)
[debug] [2020-03-31T16:47:33.793Z] ----------------------------------------------------------------------
[debug] [2020-03-31T16:47:33.793Z] 
[debug] [2020-03-31T16:47:33.801Z] > command requires scopes: ["email","openid","https://www.googleapis.com/auth/cloudplatformprojects.readonly","https://www.googleapis.com/auth/firebase","https://www.googleapis.com/auth/cloud-platform"]
[debug] [2020-03-31T16:47:33.802Z] > authorizing via signed-in user
[debug] [2020-03-31T16:47:33.802Z] [iam] checking project test-27d0e for permissions ["firebase.projects.get"]
[debug] [2020-03-31T16:47:33.803Z] >>> HTTP REQUEST POST https://cloudresourcemanager.googleapis.com/v1/projects/test-27d0e:testIamPermissions  

[debug] [2020-03-31T16:47:34.695Z] <<< HTTP RESPONSE 200
[debug] [2020-03-31T16:47:34.697Z] >>> HTTP REQUEST GET https://firebase.googleapis.com/v1beta1/projects/test-27d0e  
 
[debug] [2020-03-31T16:47:34.935Z] <<< HTTP RESPONSE 200
[info] 
[info] === Serving from '/Users/David/Desktop/code/personal_website/personal-website'...
[info] 
[debug] [2020-03-31T16:47:34.939Z] >>> HTTP REQUEST GET https://firebase.googleapis.com/v1beta1/projects/test-27d0e/webApps/-/config  
 
[warn] ⚠  Your requested "node" version "8" doesn't match your global version "13"
[info] ✔  functions: Emulator started at http://localhost:5001
[debug] [2020-03-31T16:47:35.684Z] <<< HTTP RESPONSE 200
[info] i  functions: Watching "/Users/David/Desktop/code/personal_website/personal-website/functions" for Cloud Functions...
[debug] [2020-03-31T16:47:35.725Z] [worker-pool] addWorker(~diagnostic~)
[debug] [2020-03-31T16:47:35.725Z] [worker-pool] Adding worker with key ~diagnostic~, total=1
[debug] [2020-03-31T16:47:35.725Z] [worker-pool] submitWork(triggerId=)
[debug] [2020-03-31T16:47:35.726Z] [worker-~diagnostic~-6a67b70b-dfca-45a0-b933-84ca9c0bf448]: Assigning socketPath: /var/folders/q9/zbkzzvl50m32jcqfw_9dvxc40000gp/T/fire_emu_92645.sock
[debug] [2020-03-31T16:47:35.726Z] [worker-~diagnostic~-6a67b70b-dfca-45a0-b933-84ca9c0bf448]: BUSY
[info] i  hosting: Serving hosting files from: build
[info] ✔  hosting: Local server: http://localhost:5000
[debug] [2020-03-31T16:47:36.023Z] [runtime-status] [92645] Functions runtime initialized. {"cwd":"/Users/David/Desktop/code/personal_website/personal-website/functions","node_version":"13.9.0"}
[debug] [2020-03-31T16:47:36.024Z] [runtime-status] [92645] Disabled runtime features: {"functions_config_helper":true,"network_filtering":true,"timeout":true,"memory_limiting":true,"admin_stubs":true,"pubsub_emulator":true}
[debug] [2020-03-31T16:47:36.026Z] [runtime-status] [92645] Resolved module firebase-admin {"declared":true,"installed":true,"version":"8.10.0","resolution":"/Users/David/Desktop/code/personal_website/personal-website/functions/node_modules/firebase-admin/lib/index.js"}
[debug] [2020-03-31T16:47:36.027Z] [runtime-status] [92645] Resolved module firebase-functions {"declared":true,"installed":true,"version":"3.5.0","resolution":"/Users/David/Desktop/code/personal_website/personal-website/functions/node_modules/firebase-functions/lib/index.js"}
[debug] [2020-03-31T16:47:36.028Z] [runtime-status] [92645] Resolved module firebase-functions {"declared":true,"installed":true,"version":"3.5.0","resolution":"/Users/David/Desktop/code/personal_website/personal-website/functions/node_modules/firebase-functions/lib/index.js"}
[info] ✔  functions[app]: http function initialized (http://localhost:5001/test-27d0e/us-central1/app).
[debug] [2020-03-31T16:47:36.367Z] [worker-~diagnostic~-6a67b70b-dfca-45a0-b933-84ca9c0bf448]: IDLE
[info] [hosting] Rewriting /about to http://localhost:5001/test-27d0e/us-central1/app for local Function app
[debug] [2020-03-31T16:47:43.735Z] [work-queue] {"queueLength":1,"workRunningCount":0}
[debug] [2020-03-31T16:47:43.735Z] [work-queue] {"queueLength":0,"workRunningCount":1}
[debug] [2020-03-31T16:47:43.735Z] Accepted request GET /test-27d0e/us-central1/app/about --> app
[debug] [2020-03-31T16:47:43.750Z] [worker-pool] addWorker(app)
[debug] [2020-03-31T16:47:43.750Z] [worker-pool] Adding worker with key app, total=1
[debug] [2020-03-31T16:47:43.751Z] [worker-pool] submitWork(triggerId=app)
[debug] [2020-03-31T16:47:43.751Z] [worker-app-3183a63e-2cb5-4cdc-9054-4b411d97bf50]: Assigning socketPath: /var/folders/q9/zbkzzvl50m32jcqfw_9dvxc40000gp/T/fire_emu_92655.sock
[debug] [2020-03-31T16:47:43.751Z] [worker-app-3183a63e-2cb5-4cdc-9054-4b411d97bf50]: BUSY
[debug] [2020-03-31T16:47:44.083Z] [runtime-status] [92655] Functions runtime initialized. {"cwd":"/Users/David/Desktop/code/personal_website/personal-website/functions","node_version":"13.9.0"}
[debug] [2020-03-31T16:47:44.085Z] [runtime-status] [92655] Disabled runtime features: {"functions_config_helper":true,"network_filtering":true,"timeout":true,"memory_limiting":true,"admin_stubs":true,"pubsub_emulator":true}
[debug] [2020-03-31T16:47:44.087Z] [runtime-status] [92655] Resolved module firebase-admin {"declared":true,"installed":true,"version":"8.10.0","resolution":"/Users/David/Desktop/code/personal_website/personal-website/functions/node_modules/firebase-admin/lib/index.js"}
[debug] [2020-03-31T16:47:44.088Z] [runtime-status] [92655] Resolved module firebase-functions {"declared":true,"installed":true,"version":"3.5.0","resolution":"/Users/David/Desktop/code/personal_website/personal-website/functions/node_modules/firebase-functions/lib/index.js"}
[debug] [2020-03-31T16:47:44.090Z] [runtime-status] [92655] Resolved module firebase-functions {"declared":true,"installed":true,"version":"3.5.0","resolution":"/Users/David/Desktop/code/personal_website/personal-website/functions/node_modules/firebase-functions/lib/index.js"}
[debug] [2020-03-31T16:47:44.559Z] [runtime-status] [92655] Trigger "app" has been found, beginning invocation!
[info] i  functions: Beginning execution of "app"
[debug] [2020-03-31T16:47:44.561Z] [runtime-status] [92655] triggerDefinition {"httpsTrigger":{},"name":"app","entryPoint":"app"}
[debug] [2020-03-31T16:47:44.561Z] [runtime-status] [92655] Running app in mode HTTPS
[debug] [2020-03-31T16:47:44.566Z] [runtime-status] [92655] Attempting to listen to socketPath: /var/folders/q9/zbkzzvl50m32jcqfw_9dvxc40000gp/T/fire_emu_92655.sock
[debug] [2020-03-31T16:47:44.575Z] [functions] Runtime ready! Sending request!
[debug] [2020-03-31T16:47:44.585Z] [runtime-status] [92655] Ephemeral server handling GET request
[info] >  * hit
[debug] [2020-03-31T16:47:44.597Z] [runtime-status] [92655] Ephemeral server survived.
[info] i  functions: Finished "app" in ~1s
[debug] [2020-03-31T16:47:44.599Z] [worker-app-3183a63e-2cb5-4cdc-9054-4b411d97bf50]: IDLE
[debug] [2020-03-31T16:47:44.599Z] [work-queue] {"queueLength":0,"workRunningCount":0}
[info] [hosting] Rewriting /api/contact-me to http://localhost:5001/test-27d0e/us-central1/app for local Function app
[debug] [2020-03-31T16:47:53.622Z] [work-queue] {"queueLength":1,"workRunningCount":0}
[debug] [2020-03-31T16:47:53.622Z] [work-queue] {"queueLength":0,"workRunningCount":1}
[debug] [2020-03-31T16:47:53.622Z] Accepted request POST /test-27d0e/us-central1/app/api/contact-me --> app
[debug] [2020-03-31T16:47:53.622Z] [worker-pool] submitWork(triggerId=app)
[debug] [2020-03-31T16:47:53.622Z] [worker-app-3183a63e-2cb5-4cdc-9054-4b411d97bf50]: Assigning socketPath: /var/folders/q9/zbkzzvl50m32jcqfw_9dvxc40000gp/T/fire_emu_92655.sock
[debug] [2020-03-31T16:47:53.622Z] [worker-app-3183a63e-2cb5-4cdc-9054-4b411d97bf50]: BUSY
[debug] [2020-03-31T16:47:53.625Z] [runtime-status] [92655] Trigger "app" has been found, beginning invocation!
[info] i  functions: Beginning execution of "app"
[debug] [2020-03-31T16:47:53.625Z] [runtime-status] [92655] triggerDefinition {"httpsTrigger":{},"name":"app","entryPoint":"app"}
[debug] [2020-03-31T16:47:53.625Z] [runtime-status] [92655] Running app in mode HTTPS
[debug] [2020-03-31T16:47:53.625Z] [runtime-status] [92655] Attempting to listen to socketPath: /var/folders/q9/zbkzzvl50m32jcqfw_9dvxc40000gp/T/fire_emu_92655.sock
[debug] [2020-03-31T16:47:53.627Z] [functions] Runtime ready! Sending request!
[debug] [2020-03-31T16:47:53.644Z] [runtime-status] [92655] Ephemeral server handling POST request
[info] >  contact me route was hit!
[info] >  email sent! david.aurel001@gmail.com david (david.a.durlan@gmail.com) says: "asdf" pray
[debug] [2020-03-31T16:47:53.676Z] [runtime-status] [92655] Ephemeral server survived.
[info] >  sending email worked
[info] i  functions: Finished "app" in ~1s
[debug] [2020-03-31T16:47:54.376Z] [worker-app-3183a63e-2cb5-4cdc-9054-4b411d97bf50]: IDLE
[debug] [2020-03-31T16:47:54.377Z] [work-queue] {"queueLength":0,"workRunningCount":0}
